2024-04-09 16:20:35.671 | INFO     | app2:manage_replica_set:52 - Scaling ReplicaSet 'nginx-5477b4ff8c' in namespace 'test2' to '0'.
2024-04-09 16:20:35.671 | INFO     | app2:manage_replica_set:52 - Scaling ReplicaSet 'nginx-5477b4ff8c' in namespace 'test2' to '0'.
2024-04-09 16:20:35.719 | DEBUG    | app2:manage_replica_set:73 - {'api_version': 'autoscaling/v1',
 'kind': 'Scale',
 'metadata': {'annotations': None,
              'creation_timestamp': datetime.datetime(2024, 4, 9, 14, 18, 56, tzinfo=tzutc()),
              'deletion_grace_period_seconds': None,
              'deletion_timestamp': None,
              'finalizers': None,
              'generate_name': None,
              'generation': None,
              'labels': None,
              'managed_fields': None,
              'name': 'nginx-5477b4ff8c',
              'namespace': 'test2',
              'owner_references': None,
              'resource_version': '5284',
              'self_link': None,
              'uid': '7fd44616-fdff-4ed3-b7d6-79ad50c5774c'},
 'spec': {'replicas': None},
 'status': {'replicas': 2,
            'selector': 'app=nginx,pod-template-hash=5477b4ff8c'}}
2024-04-09 16:20:35.719 | DEBUG    | app2:manage_replica_set:73 - {'api_version': 'autoscaling/v1',
 'kind': 'Scale',
 'metadata': {'annotations': None,
              'creation_timestamp': datetime.datetime(2024, 4, 9, 14, 18, 56, tzinfo=tzutc()),
              'deletion_grace_period_seconds': None,
              'deletion_timestamp': None,
              'finalizers': None,
              'generate_name': None,
              'generation': None,
              'labels': None,
              'managed_fields': None,
              'name': 'nginx-5477b4ff8c',
              'namespace': 'test2',
              'owner_references': None,
              'resource_version': '5284',
              'self_link': None,
              'uid': '7fd44616-fdff-4ed3-b7d6-79ad50c5774c'},
 'spec': {'replicas': None},
 'status': {'replicas': 2,
            'selector': 'app=nginx,pod-template-hash=5477b4ff8c'}}
2024-04-09 16:20:35.719 | INFO     | app2:manage_replica_set:75 - ReplicaSet 'nginx-5477b4ff8c' in namespace 'test2' has been scaled to '0'.
2024-04-09 16:20:35.719 | INFO     | app2:manage_replica_set:75 - ReplicaSet 'nginx-5477b4ff8c' in namespace 'test2' has been scaled to '0'.
2024-04-09 16:21:49.172 | INFO     | app2:manage_replica_set:52 - Scaling ReplicaSet 'nginx-5477b4ff8c' in namespace 'test2' to '0'.
2024-04-09 16:21:49.172 | INFO     | app2:manage_replica_set:52 - Scaling ReplicaSet 'nginx-5477b4ff8c' in namespace 'test2' to '0'.
2024-04-09 16:21:49.214 | DEBUG    | app2:manage_replica_set:73 - {'api_version': 'autoscaling/v1',
 'kind': 'Scale',
 'metadata': {'annotations': None,
              'creation_timestamp': datetime.datetime(2024, 4, 9, 14, 18, 56, tzinfo=tzutc()),
              'deletion_grace_period_seconds': None,
              'deletion_timestamp': None,
              'finalizers': None,
              'generate_name': None,
              'generation': None,
              'labels': None,
              'managed_fields': None,
              'name': 'nginx-5477b4ff8c',
              'namespace': 'test2',
              'owner_references': None,
              'resource_version': '5424',
              'self_link': None,
              'uid': '7fd44616-fdff-4ed3-b7d6-79ad50c5774c'},
 'spec': {'replicas': None},
 'status': {'replicas': 2,
            'selector': 'app=nginx,pod-template-hash=5477b4ff8c'}}
2024-04-09 16:21:49.214 | DEBUG    | app2:manage_replica_set:73 - {'api_version': 'autoscaling/v1',
 'kind': 'Scale',
 'metadata': {'annotations': None,
              'creation_timestamp': datetime.datetime(2024, 4, 9, 14, 18, 56, tzinfo=tzutc()),
              'deletion_grace_period_seconds': None,
              'deletion_timestamp': None,
              'finalizers': None,
              'generate_name': None,
              'generation': None,
              'labels': None,
              'managed_fields': None,
              'name': 'nginx-5477b4ff8c',
              'namespace': 'test2',
              'owner_references': None,
              'resource_version': '5424',
              'self_link': None,
              'uid': '7fd44616-fdff-4ed3-b7d6-79ad50c5774c'},
 'spec': {'replicas': None},
 'status': {'replicas': 2,
            'selector': 'app=nginx,pod-template-hash=5477b4ff8c'}}
2024-04-09 16:21:49.215 | INFO     | app2:manage_replica_set:75 - ReplicaSet 'nginx-5477b4ff8c' in namespace 'test2' has been scaled to '0'.
2024-04-09 16:21:49.215 | INFO     | app2:manage_replica_set:75 - ReplicaSet 'nginx-5477b4ff8c' in namespace 'test2' has been scaled to '0'.
2024-04-09 16:41:11.685 | INFO     | app2:manage_replica_set:52 - Scaling ReplicaSet 'nginx' in namespace 'test2' to '0'.
2024-04-09 16:41:11.685 | INFO     | app2:manage_replica_set:52 - Scaling ReplicaSet 'nginx' in namespace 'test2' to '0'.
2024-04-09 16:43:36.941 | INFO     | app2:manage_replica_set:52 - Scaling ReplicaSet 'nginx' in namespace 'test2' to '0'.
2024-04-09 16:43:36.941 | INFO     | app2:manage_replica_set:52 - Scaling ReplicaSet 'nginx' in namespace 'test2' to '0'.
2024-04-09 16:45:05.246 | INFO     | app2:manage_replica_set:52 - Scaling ReplicaSet 'nginx' in namespace 'test2' to '0'.
2024-04-09 16:45:05.246 | INFO     | app2:manage_replica_set:52 - Scaling ReplicaSet 'nginx' in namespace 'test2' to '0'.
2024-04-09 16:45:49.714 | INFO     | app2:manage_replica_set:52 - Scaling ReplicaSet 'nginx' in namespace 'test2' to '0'.
2024-04-09 16:45:49.714 | INFO     | app2:manage_replica_set:52 - Scaling ReplicaSet 'nginx' in namespace 'test2' to '0'.
2024-04-09 16:45:49.763 | DEBUG    | app2:manage_replica_set:75 - {'api_version': 'autoscaling/v1',
 'kind': 'Scale',
 'metadata': {'annotations': None,
              'creation_timestamp': datetime.datetime(2024, 4, 9, 14, 18, 56, tzinfo=tzutc()),
              'deletion_grace_period_seconds': None,
              'deletion_timestamp': None,
              'finalizers': None,
              'generate_name': None,
              'generation': None,
              'labels': None,
              'managed_fields': None,
              'name': 'nginx',
              'namespace': 'test2',
              'owner_references': None,
              'resource_version': '7165',
              'self_link': None,
              'uid': '39f156e2-e4be-4d4a-a681-aa9ea26625d8'},
 'spec': {'replicas': 2},
 'status': {'replicas': 2, 'selector': 'app=nginx'}}
2024-04-09 16:45:49.763 | DEBUG    | app2:manage_replica_set:75 - {'api_version': 'autoscaling/v1',
 'kind': 'Scale',
 'metadata': {'annotations': None,
              'creation_timestamp': datetime.datetime(2024, 4, 9, 14, 18, 56, tzinfo=tzutc()),
              'deletion_grace_period_seconds': None,
              'deletion_timestamp': None,
              'finalizers': None,
              'generate_name': None,
              'generation': None,
              'labels': None,
              'managed_fields': None,
              'name': 'nginx',
              'namespace': 'test2',
              'owner_references': None,
              'resource_version': '7165',
              'self_link': None,
              'uid': '39f156e2-e4be-4d4a-a681-aa9ea26625d8'},
 'spec': {'replicas': 2},
 'status': {'replicas': 2, 'selector': 'app=nginx'}}
2024-04-09 16:45:49.764 | INFO     | app2:manage_replica_set:76 - ReplicaSet 'nginx' in namespace 'test2' has been scaled to '0'.
2024-04-09 16:45:49.764 | INFO     | app2:manage_replica_set:76 - ReplicaSet 'nginx' in namespace 'test2' has been scaled to '0'.
2024-04-09 16:48:29.102 | INFO     | app2:manage_replica_set:52 - Scaling ReplicaSet 'nginx' in namespace 'test2' to '0'.
2024-04-09 16:48:29.102 | INFO     | app2:manage_replica_set:52 - Scaling ReplicaSet 'nginx' in namespace 'test2' to '0'.
2024-04-09 16:48:29.154 | DEBUG    | app2:manage_replica_set:75 - {'api_version': 'autoscaling/v1',
 'kind': 'Scale',
 'metadata': {'annotations': None,
              'creation_timestamp': datetime.datetime(2024, 4, 9, 14, 18, 56, tzinfo=tzutc()),
              'deletion_grace_period_seconds': None,
              'deletion_timestamp': None,
              'finalizers': None,
              'generate_name': None,
              'generation': None,
              'labels': None,
              'managed_fields': None,
              'name': 'nginx',
              'namespace': 'test2',
              'owner_references': None,
              'resource_version': '7371',
              'self_link': None,
              'uid': '39f156e2-e4be-4d4a-a681-aa9ea26625d8'},
 'spec': {'replicas': None},
 'status': {'replicas': 2, 'selector': 'app=nginx'}}
2024-04-09 16:48:29.154 | DEBUG    | app2:manage_replica_set:75 - {'api_version': 'autoscaling/v1',
 'kind': 'Scale',
 'metadata': {'annotations': None,
              'creation_timestamp': datetime.datetime(2024, 4, 9, 14, 18, 56, tzinfo=tzutc()),
              'deletion_grace_period_seconds': None,
              'deletion_timestamp': None,
              'finalizers': None,
              'generate_name': None,
              'generation': None,
              'labels': None,
              'managed_fields': None,
              'name': 'nginx',
              'namespace': 'test2',
              'owner_references': None,
              'resource_version': '7371',
              'self_link': None,
              'uid': '39f156e2-e4be-4d4a-a681-aa9ea26625d8'},
 'spec': {'replicas': None},
 'status': {'replicas': 2, 'selector': 'app=nginx'}}
2024-04-09 16:48:29.155 | INFO     | app2:manage_replica_set:76 - ReplicaSet 'nginx' in namespace 'test2' has been scaled to '0'.
2024-04-09 16:48:29.155 | INFO     | app2:manage_replica_set:76 - ReplicaSet 'nginx' in namespace 'test2' has been scaled to '0'.
2024-04-09 16:51:33.348 | INFO     | app2:manage_replica_set:51 - Scaling ReplicaSet 'nginx' in namespace 'test2' to '1'.
2024-04-09 16:51:33.348 | INFO     | app2:manage_replica_set:51 - Scaling ReplicaSet 'nginx' in namespace 'test2' to '1'.
2024-04-09 16:51:33.386 | DEBUG    | app2:manage_replica_set:74 - {'api_version': 'autoscaling/v1',
 'kind': 'Scale',
 'metadata': {'annotations': None,
              'creation_timestamp': datetime.datetime(2024, 4, 9, 14, 18, 56, tzinfo=tzutc()),
              'deletion_grace_period_seconds': None,
              'deletion_timestamp': None,
              'finalizers': None,
              'generate_name': None,
              'generation': None,
              'labels': None,
              'managed_fields': None,
              'name': 'nginx',
              'namespace': 'test2',
              'owner_references': None,
              'resource_version': '7630',
              'self_link': None,
              'uid': '39f156e2-e4be-4d4a-a681-aa9ea26625d8'},
 'spec': {'replicas': 1},
 'status': {'replicas': 0, 'selector': 'app=nginx'}}
2024-04-09 16:51:33.386 | DEBUG    | app2:manage_replica_set:74 - {'api_version': 'autoscaling/v1',
 'kind': 'Scale',
 'metadata': {'annotations': None,
              'creation_timestamp': datetime.datetime(2024, 4, 9, 14, 18, 56, tzinfo=tzutc()),
              'deletion_grace_period_seconds': None,
              'deletion_timestamp': None,
              'finalizers': None,
              'generate_name': None,
              'generation': None,
              'labels': None,
              'managed_fields': None,
              'name': 'nginx',
              'namespace': 'test2',
              'owner_references': None,
              'resource_version': '7630',
              'self_link': None,
              'uid': '39f156e2-e4be-4d4a-a681-aa9ea26625d8'},
 'spec': {'replicas': 1},
 'status': {'replicas': 0, 'selector': 'app=nginx'}}
2024-04-09 16:51:33.387 | INFO     | app2:manage_replica_set:75 - ReplicaSet 'nginx' in namespace 'test2' has been scaled to '1'.
2024-04-09 16:51:33.387 | INFO     | app2:manage_replica_set:75 - ReplicaSet 'nginx' in namespace 'test2' has been scaled to '1'.
2024-04-09 17:19:52.283 | INFO     | app2:manage_replica_set:88 - Scaling ReplicaSet 'nginx-sts' in namespace 'test2' to '0'.
2024-04-09 17:19:52.283 | INFO     | app2:manage_replica_set:88 - Scaling ReplicaSet 'nginx-sts' in namespace 'test2' to '0'.
2024-04-09 17:28:12.168 | INFO     | app2:manage_replica_set:90 - Scaling Deployment 'nginx-sts' in namespace 'test2' to '0'.
2024-04-09 17:28:12.168 | INFO     | app2:manage_replica_set:90 - Scaling Deployment 'nginx-sts' in namespace 'test2' to '0'.
2024-04-09 17:28:12.208 | DEBUG    | app2:manage_replica_set:140 - {'api_version': 'autoscaling/v1',
 'kind': 'Scale',
 'metadata': {'annotations': None,
              'creation_timestamp': datetime.datetime(2024, 4, 9, 15, 9, 10, tzinfo=tzutc()),
              'deletion_grace_period_seconds': None,
              'deletion_timestamp': None,
              'finalizers': None,
              'generate_name': None,
              'generation': None,
              'labels': None,
              'managed_fields': None,
              'name': 'nginx-sts',
              'namespace': 'test2',
              'owner_references': None,
              'resource_version': '10539',
              'self_link': None,
              'uid': 'ba2a67de-7616-4e00-a5dd-7dd750803c96'},
 'spec': {'replicas': None},
 'status': {'replicas': 2, 'selector': 'app=nginx'}}
2024-04-09 17:28:12.208 | DEBUG    | app2:manage_replica_set:140 - {'api_version': 'autoscaling/v1',
 'kind': 'Scale',
 'metadata': {'annotations': None,
              'creation_timestamp': datetime.datetime(2024, 4, 9, 15, 9, 10, tzinfo=tzutc()),
              'deletion_grace_period_seconds': None,
              'deletion_timestamp': None,
              'finalizers': None,
              'generate_name': None,
              'generation': None,
              'labels': None,
              'managed_fields': None,
              'name': 'nginx-sts',
              'namespace': 'test2',
              'owner_references': None,
              'resource_version': '10539',
              'self_link': None,
              'uid': 'ba2a67de-7616-4e00-a5dd-7dd750803c96'},
 'spec': {'replicas': None},
 'status': {'replicas': 2, 'selector': 'app=nginx'}}
2024-04-09 17:28:12.209 | INFO     | app2:manage_replica_set:141 - StatefulSet 'nginx-sts' in namespace 'test2' has been scaled to '0'.
2024-04-09 17:28:12.209 | INFO     | app2:manage_replica_set:141 - StatefulSet 'nginx-sts' in namespace 'test2' has been scaled to '0'.
